\BOOKMARK [0][-]{chapter.1}{課前準備}{}% 1
\BOOKMARK [0][-]{chapter.2}{簡介}{}% 2
\BOOKMARK [1][-]{section.2.1}{程式設計原則}{chapter.2}% 3
\BOOKMARK [1][-]{section.2.2}{資料程式的功能}{chapter.2}% 4
\BOOKMARK [0][-]{chapter.3}{R語言程式設計}{}% 5
\BOOKMARK [1][-]{section.3.1}{什麼是R？}{chapter.3}% 6
\BOOKMARK [1][-]{section.3.2}{為何選擇R？}{chapter.3}% 7
\BOOKMARK [1][-]{section.3.3}{RStudio}{chapter.3}% 8
\BOOKMARK [1][-]{section.3.4}{基本操作和賦值}{chapter.3}% 9
\BOOKMARK [1][-]{section.3.5}{實例演示}{chapter.3}% 10
\BOOKMARK [1][-]{section.3.6}{作業}{chapter.3}% 11
\BOOKMARK [1][-]{section.3.7}{R資源推薦：}{chapter.3}% 12
\BOOKMARK [0][-]{chapter.4}{Python程式設計}{}% 13
\BOOKMARK [1][-]{section.4.1}{什麼是Python？}{chapter.4}% 14
\BOOKMARK [1][-]{section.4.2}{Python基本程式包：}{chapter.4}% 15
\BOOKMARK [1][-]{section.4.3}{Python IDE整合式開發環境}{chapter.4}% 16
\BOOKMARK [1][-]{section.4.4}{基本操作和賦值}{chapter.4}% 17
\BOOKMARK [1][-]{section.4.5}{作業}{chapter.4}% 18
\BOOKMARK [1][-]{section.4.6}{Python資源推薦：}{chapter.4}% 19
\BOOKMARK [0][-]{chapter.5}{JavaScript}{}% 20
\BOOKMARK [1][-]{section.5.1}{什麼是JavaScript?}{chapter.5}% 21
\BOOKMARK [1][-]{section.5.2}{什麼是D3?}{chapter.5}% 22
\BOOKMARK [0][-]{chapter.6}{總結}{}% 23
